2025-12-07 00:56:23,989 16204 INFO demo_dc_copy werkzeug: 127.0.0.1 - - [07/Dec/2025 00:56:23] "POST /web/dataset/call_kw/product.template/get_views HTTP/1.1" 200 - 2 0.006 0.025
2025-12-07 00:56:23,989 16204 INFO demo_dc_copy werkzeug: 127.0.0.1 - - [07/Dec/2025 00:56:23] "GET /web/image?model=res.users&field=avatar_128&id=2 HTTP/1.1" 304 - 8 0.015 0.016
2025-12-07 00:56:24,252 16204 INFO demo_dc_copy werkzeug: 127.0.0.1 - - [07/Dec/2025 00:56:24] "POST /web/dataset/call_kw/product.template/web_search_read HTTP/1.1" 200 - 18 0.010 0.035
2025-12-07 00:57:09,243 8080 INFO ? odoo: Odoo version 16.0-20251113 
2025-12-07 00:57:09,243 8080 INFO ? odoo: Using configuration file at C:\latihanodoo\odoo.conf 
2025-12-07 00:57:09,243 8080 INFO ? odoo: addons paths: ['C:\\odoo16c\\server\\odoo\\addons', 'c:\\odoo16c\\sessions\\addons\\16.0', 'c:\\odoo16c\\server\\addons', 'c:\\latihanodoo', 'c:\\odoo16c\\server\\odoo\\addons'] 
2025-12-07 00:57:09,243 8080 INFO ? odoo: database: openpg@localhost:5432 
2025-12-07 00:57:09,447 8080 INFO ? odoo.addons.base.models.ir_actions_report: Will use the Wkhtmltopdf binary at C:\odoo16c\thirdparty\wkhtmltopdf.exe 
2025-12-07 00:57:09,786 8080 INFO demo_dc_copy odoo.modules.loading: loading 1 modules... 
2025-12-07 00:57:09,798 8080 INFO demo_dc_copy odoo.modules.loading: 1 modules loaded in 0.01s, 0 queries (+0 extra) 
2025-12-07 00:57:09,818 8080 INFO demo_dc_copy odoo.modules.loading: updating modules list 
2025-12-07 00:57:09,818 8080 INFO demo_dc_copy odoo.addons.base.models.ir_module: ALLOW access to module.update_list on [] to user __system__ #1 via n/a 
2025-12-07 00:57:10,040 8080 WARNING demo_dc_copy odoo.modules.module: Missing `license` key in manifest for 'grt_farming', defaulting to LGPL-3 
2025-12-07 00:57:10,056 8080 WARNING demo_dc_copy odoo.modules.module: Missing `license` key in manifest for 'grt_image_url', defaulting to LGPL-3 
2025-12-07 00:57:10,056 8080 WARNING demo_dc_copy odoo.modules.module: Missing `license` key in manifest for 'grt_l10n_id_kabupaten', defaulting to LGPL-3 
2025-12-07 00:57:11,184 8080 INFO demo_dc_copy odoo.addons.base.models.ir_module: ALLOW access to module.button_upgrade on ['Distribution Channel'] to user __system__ #1 via n/a 
2025-12-07 00:57:11,184 8080 INFO demo_dc_copy odoo.addons.base.models.ir_module: ALLOW access to module.update_list on ['Distribution Channel'] to user __system__ #1 via n/a 
2025-12-07 00:57:11,843 8080 INFO demo_dc_copy odoo.addons.base.models.ir_module: ALLOW access to module.button_install on [] to user __system__ #1 via n/a 
2025-12-07 00:57:11,878 8080 INFO demo_dc_copy odoo.modules.loading: loading 98 modules... 
2025-12-07 00:57:13,631 8080 INFO demo_dc_copy odoo.modules.loading: Loading module distribution_channel (91/98) 
2025-12-07 00:57:13,793 8080 WARNING demo_dc_copy odoo.api.create: The model odoo.addons.distribution_channel.models.retail_order is not overriding the create method in batch 
2025-12-07 00:57:13,963 8080 INFO demo_dc_copy odoo.modules.registry: module distribution_channel: creating or updating database tables 
2025-12-07 00:57:14,043 8080 WARNING demo_dc_copy odoo.addons.base.models.ir_model: Two fields (product_id, name) of distribution_channel.pos_sales_report_product() have the same label: Product. [Modules: distribution_channel and distribution_channel] 
2025-12-07 00:57:14,233 8080 INFO demo_dc_copy odoo.modules.loading: loading distribution_channel/security/ir.model.access.csv 
2025-12-07 00:57:14,248 8080 INFO demo_dc_copy odoo.modules.loading: loading distribution_channel/views/retail_order_views.xml 
2025-12-07 00:57:14,473 8080 INFO demo_dc_copy odoo.modules.loading: loading distribution_channel/views/retail_order_report_views.xml 
2025-12-07 00:57:14,615 8080 WARNING demo_dc_copy odoo.addons.base.models.ir_ui_view: An alert (class alert-*) must have an alert, alertdialog or status role or an alert-link class. Please use alert and alertdialog only for what expects to stop any activity to be read immediately.
View error context:
{'file': 'c:\\latihanodoo\\distribution_channel\\views\\retail_order_report_views.xml',
 'line': 12,
 'name': 'distribution_channel.retail_order.form.detailed',
 'view': ir.ui.view(1247,),
 'view.model': 'distribution_channel.retail_order',
 'view.parent': ir.ui.view(),
 'xmlid': 'view_retail_order_form_detailed'} 
2025-12-07 00:57:14,647 8080 INFO demo_dc_copy odoo.modules.loading: loading distribution_channel/views/pos_sales_report_views.xml 
2025-12-07 00:57:14,663 8080 WARNING demo_dc_copy odoo.modules.loading: The models ['distribution_channel.retail_order.report', 'distribution_channel.pos_sales_report', 'distribution_channel.pos_sales_report_daily', 'distribution_channel.pos_sales_report_category', 'distribution_channel.pos_sales_report_product'] have no access rules in module distribution_channel, consider adding some, like:
id,name,model_id:id,group_id:id,perm_read,perm_write,perm_create,perm_unlink
distribution_channel.access_distribution_channel_retail_order_report,access_distribution_channel_retail_order_report,distribution_channel.model_distribution_channel_retail_order_report,base.group_user,1,0,0,0
distribution_channel.access_distribution_channel_pos_sales_report,access_distribution_channel_pos_sales_report,distribution_channel.model_distribution_channel_pos_sales_report,base.group_user,1,0,0,0
distribution_channel.access_distribution_channel_pos_sales_report_daily,access_distribution_channel_pos_sales_report_daily,distribution_channel.model_distribution_channel_pos_sales_report_daily,base.group_user,1,0,0,0
distribution_channel.access_distribution_channel_pos_sales_report_category,access_distribution_channel_pos_sales_report_category,distribution_channel.model_distribution_channel_pos_sales_report_category,base.group_user,1,0,0,0
distribution_channel.access_distribution_channel_pos_sales_report_product,access_distribution_channel_pos_sales_report_product,distribution_channel.model_distribution_channel_pos_sales_report_product,base.group_user,1,0,0,0 
2025-12-07 00:57:14,688 8080 INFO demo_dc_copy odoo.modules.loading: Module distribution_channel loaded in 1.06s, 605 queries (+605 other) 
2025-12-07 00:57:14,743 8080 INFO demo_dc_copy odoo.modules.loading: 98 modules loaded in 2.86s, 605 queries (+605 extra) 
2025-12-07 00:57:15,267 8080 INFO demo_dc_copy odoo.modules.registry: verifying fields for every extended model 
2025-12-07 00:57:15,791 8080 INFO demo_dc_copy odoo.modules.loading: Modules loaded. 
2025-12-07 00:57:15,828 8080 INFO demo_dc_copy odoo.modules.registry: Registry loaded in 6.092s 
2025-12-07 00:57:15,828 8080 INFO demo_dc_copy odoo.service.server: Initiating shutdown 
2025-12-07 00:57:15,828 8080 INFO demo_dc_copy odoo.service.server: Hit CTRL-C again or send a second signal to force the shutdown. 
2025-12-07 00:57:15,828 8080 INFO demo_dc_copy odoo.sql_db: ConnectionPool(used=0/count=0/max=64): Closed 1 connections  
2025-12-07 00:58:31,082 21020 INFO ? odoo: Odoo version 16.0-20251113 
2025-12-07 00:58:31,082 21020 INFO ? odoo: Using configuration file at C:\latihanodoo\odoo.conf 
2025-12-07 00:58:31,082 21020 INFO ? odoo: addons paths: ['C:\\odoo16c\\server\\odoo\\addons', 'c:\\odoo16c\\sessions\\addons\\16.0', 'c:\\odoo16c\\server\\addons', 'c:\\latihanodoo', 'c:\\odoo16c\\server\\odoo\\addons'] 
2025-12-07 00:58:31,082 21020 INFO ? odoo: database: openpg@localhost:5432 
2025-12-07 00:58:31,317 21020 INFO ? odoo.addons.base.models.ir_actions_report: Will use the Wkhtmltopdf binary at C:\odoo16c\thirdparty\wkhtmltopdf.exe 
2025-12-07 00:58:31,666 21020 INFO ? odoo.service.server: HTTP service (werkzeug) running on ThinkpadSaptadi:8069 
2025-12-07 00:58:38,047 21020 INFO ? odoo.modules.loading: loading 1 modules... 
2025-12-07 00:58:38,060 21020 INFO ? odoo.modules.loading: 1 modules loaded in 0.01s, 0 queries (+0 extra) 
2025-12-07 00:58:38,245 21020 INFO ? odoo.modules.loading: loading 98 modules... 
2025-12-07 00:58:40,733 21020 WARNING ? odoo.api.create: The model odoo.addons.distribution_channel.models.retail_order is not overriding the create method in batch 
2025-12-07 00:58:40,813 21020 INFO ? odoo.modules.loading: 98 modules loaded in 2.56s, 0 queries (+0 extra) 
2025-12-07 00:58:41,042 21020 INFO ? odoo.modules.loading: Modules loaded. 
2025-12-07 00:58:41,057 21020 INFO ? odoo.modules.registry: Registry loaded in 3.136s 
2025-12-07 00:58:41,059 21020 INFO demo_dc_copy odoo.addons.base.models.ir_http: Generating routing map for key None 
2025-12-07 00:58:43,729 21020 INFO demo_dc_copy werkzeug: 127.0.0.1 - - [07/Dec/2025 00:58:43] "GET /web HTTP/1.1" 200 - 110 0.209 5.610
2025-12-07 00:58:44,534 21020 INFO demo_dc_copy werkzeug: 127.0.0.1 - - [07/Dec/2025 00:58:44] "GET /bus/websocket_worker_bundle?v=1.0.5 HTTP/1.1" 304 - 6 0.000 0.021
2025-12-07 00:58:45,017 21020 INFO demo_dc_copy werkzeug: 127.0.0.1 - - [07/Dec/2025 00:58:45] "POST /mail/init_messaging HTTP/1.1" 200 - 54 0.121 0.021
2025-12-07 00:58:45,134 21020 INFO demo_dc_copy werkzeug: 127.0.0.1 - - [07/Dec/2025 00:58:45] "POST /mail/load_message_failures HTTP/1.1" 200 - 4 0.010 0.083
2025-12-07 00:58:45,134 21020 INFO demo_dc_copy werkzeug: 127.0.0.1 - - [07/Dec/2025 00:58:45] "GET /websocket HTTP/1.1" 101 - 1 0.006 0.078
2025-12-07 00:58:45,173 21020 INFO ? odoo.addons.bus.models.bus: Bus.loop listen imbus on db postgres 
2025-12-07 00:58:45,979 21020 WARNING ? odoo.modules.module: Missing `license` key in manifest for 'grt_farming', defaulting to LGPL-3 
2025-12-07 00:58:45,993 21020 WARNING ? odoo.modules.module: Missing `license` key in manifest for 'grt_farming', defaulting to LGPL-3 
2025-12-07 00:58:45,995 21020 WARNING ? odoo.modules.module: Missing `license` key in manifest for 'grt_image_url', defaulting to LGPL-3 
2025-12-07 00:58:45,995 21020 WARNING ? odoo.modules.module: Missing `license` key in manifest for 'grt_image_url', defaulting to LGPL-3 
2025-12-07 00:58:45,995 21020 WARNING ? odoo.modules.module: Missing `license` key in manifest for 'grt_l10n_id_kabupaten', defaulting to LGPL-3 
2025-12-07 00:58:45,995 21020 WARNING ? odoo.modules.module: Missing `license` key in manifest for 'grt_l10n_id_kabupaten', defaulting to LGPL-3 
2025-12-07 00:58:46,173 21020 INFO ? werkzeug: 127.0.0.1 - - [07/Dec/2025 00:58:46] "GET /mail/static/src/audio/ting.ogg HTTP/1.1" 206 - 0 0.000 1.034
2025-12-07 00:58:46,181 21020 INFO demo_dc_copy werkzeug: 127.0.0.1 - - [07/Dec/2025 00:58:46] "POST /web/dataset/call_kw/res.users/systray_get_activities HTTP/1.1" 200 - 3 0.008 1.184
